[debug] [2026-01-19T20:36:39.882Z] [Firebase Plugin] Activating Firebase extension.
[debug] [2026-01-19T20:36:44.700Z] [Firebase Plugin] requireAuthWrapper
[debug] [2026-01-19T20:36:44.703Z] > command requires scopes: ["email","openid","https://www.googleapis.com/auth/cloudplatformprojects.readonly","https://www.googleapis.com/auth/firebase","https://www.googleapis.com/auth/cloud-platform"]
[debug] [2026-01-19T20:36:44.703Z] > authorizing via signed-in user (shakdatop@gmail.com)
[debug] [2026-01-19T20:36:44.708Z] Checked if tokens are valid: true, expires at: 1768858515780
[debug] [2026-01-19T20:36:44.709Z] Checked if tokens are valid: true, expires at: 1768858515780
[debug] [2026-01-19T20:36:44.709Z] [Firebase Plugin] User found:  shakdatop@gmail.com
[info] [Firebase Plugin] (Core:Project) New user detected, fetching projects
[debug] [2026-01-19T20:36:44.711Z] Checked if tokens are valid: true, expires at: 1768858515780
[debug] [2026-01-19T20:36:44.714Z] >>> [apiv2][query] GET https://firebase.googleapis.com/v1beta1/projects pageSize=1000
[debug] [2026-01-19T20:36:44.729Z] [Firebase Plugin] VSCode notification server listening on port 40001
[info] [Firebase Plugin] Starting Data Connect toolkit (version 3.0.2) on port 50001
[debug] [2026-01-19T20:36:52.448Z] 'fdc build' failed with error: Unable to build your Data Connect schema and connectors (exit code 1): E0120 02:06:49.938322   11000 cmd.go:43] Error loading data connect config: could not find dataconnect.yaml in `c:\cubefinalinnextjs\cube-tech\dataconnect`
 {"metadata":{"emulator":{"name":"dataconnect"},"message":"'fdc build' failed with error: Unable to build your Data Connect schema and connectors (exit code 1): E0120 02:06:49.938322   11000 cmd.go:43] Error loading data connect config: could not find dataconnect.yaml in `c:\\cubefinalinnextjs\\cube-tech\\dataconnect`\n"}}
[debug] [2026-01-19T20:36:52.461Z] Ignoring unsupported arg: auto_download {"metadata":{"emulator":{"name":"dataconnect"},"message":"Ignoring unsupported arg: auto_download"}}
[debug] [2026-01-19T20:36:52.468Z] Ignoring unsupported arg: port {"metadata":{"emulator":{"name":"dataconnect"},"message":"Ignoring unsupported arg: port"}}
[debug] [2026-01-19T20:36:52.475Z] Starting Data Connect Emulator with command {"binary":"C:\\Users\\Shoeii\\.cache\\firebase\\emulators\\dataconnect-emulator-3.0.2.exe","args":["--logtostderr","-v=2","dev","--listen=localhost:50001","--config_dir=c:\\cubefinalinnextjs\\cube-tech\\dataconnect","--enable_output_schema_extensions=true","--enable_output_generated_sdk=true"],"optionalArgs":["listen","config_dir","enable_output_schema_extensions","enable_output_generated_sdk"],"joinArgs":true,"shell":false,"port":9399} {"metadata":{"emulator":{"name":"dataconnect"},"message":"Starting Data Connect Emulator with command {\"binary\":\"C:\\\\Users\\\\Shoeii\\\\.cache\\\\firebase\\\\emulators\\\\dataconnect-emulator-3.0.2.exe\",\"args\":[\"--logtostderr\",\"-v=2\",\"dev\",\"--listen=localhost:50001\",\"--config_dir=c:\\\\cubefinalinnextjs\\\\cube-tech\\\\dataconnect\",\"--enable_output_schema_extensions=true\",\"--enable_output_generated_sdk=true\"],\"optionalArgs\":[\"listen\",\"config_dir\",\"enable_output_schema_extensions\",\"enable_output_generated_sdk\"],\"joinArgs\":true,\"shell\":false,\"port\":9399}"}}
[info] i  dataconnect: Data Connect Emulator logging to dataconnect-debug.log {"metadata":{"emulator":{"name":"dataconnect"},"message":"Data Connect Emulator logging to \u001b[1mdataconnect-debug.log\u001b[22m"}}
[debug] [2026-01-19T20:36:56.595Z] E0120 02:06:55.293583   17904 dev.go:83] Failed to load initial config from "c:\\cubefinalinnextjs\\cube-tech\\dataconnect": could not find dataconnect.yaml in `c:\cubefinalinnextjs\cube-tech\dataconnect`
E0120 02:06:55.302307   17904 watch.go:116] watchAllDir unable to walk dir `c:\cubefinalinnextjs\cube-tech\dataconnect`: CreateFile c:\cubefinalinnextjs\cube-tech\dataconnect: The system cannot find the file specified.
I0120 02:06:55.504723   17904 dev.go:104] Listening on address (HTTP + gRPC): 127.0.0.1:50001
 {"metadata":{"emulator":{"name":"dataconnect"},"message":"E0120 02:06:55.293583   17904 dev.go:83] Failed to load initial config from \"c:\\\\cubefinalinnextjs\\\\cube-tech\\\\dataconnect\": could not find dataconnect.yaml in `c:\\cubefinalinnextjs\\cube-tech\\dataconnect`\nE0120 02:06:55.302307   17904 watch.go:116] watchAllDir unable to walk dir `c:\\cubefinalinnextjs\\cube-tech\\dataconnect`: CreateFile c:\\cubefinalinnextjs\\cube-tech\\dataconnect: The system cannot find the file specified.\nI0120 02:06:55.504723   17904 dev.go:104] Listening on address (HTTP + gRPC): 127.0.0.1:50001\n"}}
[debug] [2026-01-19T20:36:56.602Z] *** [apiv2] error from fetch(https://firebase.googleapis.com/v1beta1/projects?pageSize=1000, {"headers":{},"method":"GET","signal":{"reason":""}}): FetchError: request to https://firebase.googleapis.com/v1beta1/projects?pageSize=1000 failed, reason: socket hang up
[debug] [2026-01-19T20:36:56.604Z] Failed to make request to https://firebase.googleapis.com/v1beta1/projects?pageSize=1000
[error] [Firebase Plugin] error:  {}
[debug] [2026-01-19T20:37:05.305Z] E0120 02:07:05.304489   17904 watch.go:40] Failed to load config from "c:\\cubefinalinnextjs\\cube-tech\\dataconnect": could not find dataconnect.yaml in `c:\cubefinalinnextjs\cube-tech\dataconnect`
 {"metadata":{"emulator":{"name":"dataconnect"},"message":"E0120 02:07:05.304489   17904 watch.go:40] Failed to load config from \"c:\\\\cubefinalinnextjs\\\\cube-tech\\\\dataconnect\": could not find dataconnect.yaml in `c:\\cubefinalinnextjs\\cube-tech\\dataconnect`\n"}}
[debug] [2026-01-19T20:37:07.958Z] [Firebase Plugin] Value of process.env.MONOSPACE_ENV: undefined
[debug] [2026-01-19T20:37:07.959Z] [Firebase Plugin] requireAuthWrapper
[debug] [2026-01-19T20:37:07.961Z] > command requires scopes: ["email","openid","https://www.googleapis.com/auth/cloudplatformprojects.readonly","https://www.googleapis.com/auth/firebase","https://www.googleapis.com/auth/cloud-platform"]
[debug] [2026-01-19T20:37:07.962Z] > authorizing via signed-in user (shakdatop@gmail.com)
[debug] [2026-01-19T20:37:07.962Z] Checked if tokens are valid: true, expires at: 1768858515780
[debug] [2026-01-19T20:37:07.963Z] [Firebase Plugin] User found:  shakdatop@gmail.com
[info] [Firebase Plugin] (Core:Project) New user detected, fetching projects
[debug] [2026-01-19T20:37:07.965Z] Checked if tokens are valid: true, expires at: 1768858515780
[debug] [2026-01-19T20:37:07.967Z] >>> [apiv2][query] GET https://firebase.googleapis.com/v1beta1/projects pageSize=1000
[debug] [2026-01-19T20:37:07.983Z] [Firebase Plugin] Value of process.env.MONOSPACE_ENV: undefined
[debug] [2026-01-19T20:37:07.984Z] [Firebase Plugin] requireAuthWrapper
[debug] [2026-01-19T20:37:07.987Z] > command requires scopes: ["email","openid","https://www.googleapis.com/auth/cloudplatformprojects.readonly","https://www.googleapis.com/auth/firebase","https://www.googleapis.com/auth/cloud-platform"]
[debug] [2026-01-19T20:37:07.987Z] > authorizing via signed-in user (shakdatop@gmail.com)
[debug] [2026-01-19T20:37:07.988Z] Checked if tokens are valid: true, expires at: 1768858515780
[debug] [2026-01-19T20:37:07.989Z] [Firebase Plugin] User found:  shakdatop@gmail.com
[info] [Firebase Plugin] (Core:Project) New user detected, fetching projects
[debug] [2026-01-19T20:37:07.991Z] Checked if tokens are valid: true, expires at: 1768858515780
[debug] [2026-01-19T20:37:07.992Z] >>> [apiv2][query] GET https://firebase.googleapis.com/v1beta1/projects pageSize=1000
[debug] [2026-01-19T20:37:08.903Z] <<< [apiv2][status] GET https://firebase.googleapis.com/v1beta1/projects 200
[debug] [2026-01-19T20:37:08.904Z] <<< [apiv2][body] GET https://firebase.googleapis.com/v1beta1/projects [omitted]
[debug] [2026-01-19T20:37:08.910Z] <<< [apiv2][status] GET https://firebase.googleapis.com/v1beta1/projects 200
[debug] [2026-01-19T20:37:08.910Z] <<< [apiv2][body] GET https://firebase.googleapis.com/v1beta1/projects [omitted]
[debug] [2026-01-19T20:37:15.305Z] E0120 02:07:15.304481   17904 watch.go:40] Failed to load config from "c:\\cubefinalinnextjs\\cube-tech\\dataconnect": could not find dataconnect.yaml in `c:\cubefinalinnextjs\cube-tech\dataconnect`
 {"metadata":{"emulator":{"name":"dataconnect"},"message":"E0120 02:07:15.304481   17904 watch.go:40] Failed to load config from \"c:\\\\cubefinalinnextjs\\\\cube-tech\\\\dataconnect\": could not find dataconnect.yaml in `c:\\cubefinalinnextjs\\cube-tech\\dataconnect`\n"}}
[debug] [2026-01-19T20:37:25.305Z] E0120 02:07:25.304982   17904 watch.go:40] Failed to load config from "c:\\cubefinalinnextjs\\cube-tech\\dataconnect": could not find dataconnect.yaml in `c:\cubefinalinnextjs\cube-tech\dataconnect`
 {"metadata":{"emulator":{"name":"dataconnect"},"message":"E0120 02:07:25.304982   17904 watch.go:40] Failed to load config from \"c:\\\\cubefinalinnextjs\\\\cube-tech\\\\dataconnect\": could not find dataconnect.yaml in `c:\\cubefinalinnextjs\\cube-tech\\dataconnect`\n"}}
[debug] [2026-01-19T20:37:35.305Z] E0120 02:07:35.304664   17904 watch.go:40] Failed to load config from "c:\\cubefinalinnextjs\\cube-tech\\dataconnect": could not find dataconnect.yaml in `c:\cubefinalinnextjs\cube-tech\dataconnect`
 {"metadata":{"emulator":{"name":"dataconnect"},"message":"E0120 02:07:35.304664   17904 watch.go:40] Failed to load config from \"c:\\\\cubefinalinnextjs\\\\cube-tech\\\\dataconnect\": could not find dataconnect.yaml in `c:\\cubefinalinnextjs\\cube-tech\\dataconnect`\n"}}
[debug] [2026-01-19T20:37:45.305Z] E0120 02:07:45.305973   17904 watch.go:40] Failed to load config from "c:\\cubefinalinnextjs\\cube-tech\\dataconnect": could not find dataconnect.yaml in `c:\cubefinalinnextjs\cube-tech\dataconnect`
 {"metadata":{"emulator":{"name":"dataconnect"},"message":"E0120 02:07:45.305973   17904 watch.go:40] Failed to load config from \"c:\\\\cubefinalinnextjs\\\\cube-tech\\\\dataconnect\": could not find dataconnect.yaml in `c:\\cubefinalinnextjs\\cube-tech\\dataconnect`\n"}}
[debug] [2026-01-19T20:37:55.304Z] E0120 02:07:55.304468   17904 watch.go:116] watchAllDir unable to walk dir `c:\cubefinalinnextjs\cube-tech\dataconnect`: CreateFile c:\cubefinalinnextjs\cube-tech\dataconnect: The system cannot find the file specified.
E0120 02:07:55.304468   17904 watch.go:40] Failed to load config from "c:\\cubefinalinnextjs\\cube-tech\\dataconnect": could not find dataconnect.yaml in `c:\cubefinalinnextjs\cube-tech\dataconnect`
 {"metadata":{"emulator":{"name":"dataconnect"},"message":"E0120 02:07:55.304468   17904 watch.go:116] watchAllDir unable to walk dir `c:\\cubefinalinnextjs\\cube-tech\\dataconnect`: CreateFile c:\\cubefinalinnextjs\\cube-tech\\dataconnect: The system cannot find the file specified.\nE0120 02:07:55.304468   17904 watch.go:40] Failed to load config from \"c:\\\\cubefinalinnextjs\\\\cube-tech\\\\dataconnect\": could not find dataconnect.yaml in `c:\\cubefinalinnextjs\\cube-tech\\dataconnect`\n"}}
[debug] [2026-01-19T20:38:05.306Z] E0120 02:08:05.306346   17904 watch.go:40] Failed to load config from "c:\\cubefinalinnextjs\\cube-tech\\dataconnect": could not find dataconnect.yaml in `c:\cubefinalinnextjs\cube-tech\dataconnect`
 {"metadata":{"emulator":{"name":"dataconnect"},"message":"E0120 02:08:05.306346   17904 watch.go:40] Failed to load config from \"c:\\\\cubefinalinnextjs\\\\cube-tech\\\\dataconnect\": could not find dataconnect.yaml in `c:\\cubefinalinnextjs\\cube-tech\\dataconnect`\n"}}
[debug] [2026-01-19T20:38:15.305Z] E0120 02:08:15.304568   17904 watch.go:40] Failed to load config from "c:\\cubefinalinnextjs\\cube-tech\\dataconnect": could not find dataconnect.yaml in `c:\cubefinalinnextjs\cube-tech\dataconnect`
 {"metadata":{"emulator":{"name":"dataconnect"},"message":"E0120 02:08:15.304568   17904 watch.go:40] Failed to load config from \"c:\\\\cubefinalinnextjs\\\\cube-tech\\\\dataconnect\": could not find dataconnect.yaml in `c:\\cubefinalinnextjs\\cube-tech\\dataconnect`\n"}}
[debug] [2026-01-19T20:38:25.305Z] E0120 02:08:25.304507   17904 watch.go:40] Failed to load config from "c:\\cubefinalinnextjs\\cube-tech\\dataconnect": could not find dataconnect.yaml in `c:\cubefinalinnextjs\cube-tech\dataconnect`
 {"metadata":{"emulator":{"name":"dataconnect"},"message":"E0120 02:08:25.304507   17904 watch.go:40] Failed to load config from \"c:\\\\cubefinalinnextjs\\\\cube-tech\\\\dataconnect\": could not find dataconnect.yaml in `c:\\cubefinalinnextjs\\cube-tech\\dataconnect`\n"}}
[debug] [2026-01-19T20:38:35.305Z] E0120 02:08:35.304278   17904 watch.go:40] Failed to load config from "c:\\cubefinalinnextjs\\cube-tech\\dataconnect": could not find dataconnect.yaml in `c:\cubefinalinnextjs\cube-tech\dataconnect`
 {"metadata":{"emulator":{"name":"dataconnect"},"message":"E0120 02:08:35.304278   17904 watch.go:40] Failed to load config from \"c:\\\\cubefinalinnextjs\\\\cube-tech\\\\dataconnect\": could not find dataconnect.yaml in `c:\\cubefinalinnextjs\\cube-tech\\dataconnect`\n"}}
[debug] [2026-01-19T20:38:45.306Z] E0120 02:08:45.306158   17904 watch.go:40] Failed to load config from "c:\\cubefinalinnextjs\\cube-tech\\dataconnect": could not find dataconnect.yaml in `c:\cubefinalinnextjs\cube-tech\dataconnect`
 {"metadata":{"emulator":{"name":"dataconnect"},"message":"E0120 02:08:45.306158   17904 watch.go:40] Failed to load config from \"c:\\\\cubefinalinnextjs\\\\cube-tech\\\\dataconnect\": could not find dataconnect.yaml in `c:\\cubefinalinnextjs\\cube-tech\\dataconnect`\n"}}
[debug] [2026-01-19T20:38:55.305Z] E0120 02:08:55.304781   17904 watch.go:116] watchAllDir unable to walk dir `c:\cubefinalinnextjs\cube-tech\dataconnect`: CreateFile c:\cubefinalinnextjs\cube-tech\dataconnect: The system cannot find the file specified.
 {"metadata":{"emulator":{"name":"dataconnect"},"message":"E0120 02:08:55.304781   17904 watch.go:116] watchAllDir unable to walk dir `c:\\cubefinalinnextjs\\cube-tech\\dataconnect`: CreateFile c:\\cubefinalinnextjs\\cube-tech\\dataconnect: The system cannot find the file specified.\n"}}
[debug] [2026-01-19T20:38:55.307Z] E0120 02:08:55.304781   17904 watch.go:40] Failed to load config from "c:\\cubefinalinnextjs\\cube-tech\\dataconnect": could not find dataconnect.yaml in `c:\cubefinalinnextjs\cube-tech\dataconnect`
 {"metadata":{"emulator":{"name":"dataconnect"},"message":"E0120 02:08:55.304781   17904 watch.go:40] Failed to load config from \"c:\\\\cubefinalinnextjs\\\\cube-tech\\\\dataconnect\": could not find dataconnect.yaml in `c:\\cubefinalinnextjs\\cube-tech\\dataconnect`\n"}}
[debug] [2026-01-19T20:39:05.306Z] E0120 02:09:05.305337   17904 watch.go:40] Failed to load config from "c:\\cubefinalinnextjs\\cube-tech\\dataconnect": could not find dataconnect.yaml in `c:\cubefinalinnextjs\cube-tech\dataconnect`
 {"metadata":{"emulator":{"name":"dataconnect"},"message":"E0120 02:09:05.305337   17904 watch.go:40] Failed to load config from \"c:\\\\cubefinalinnextjs\\\\cube-tech\\\\dataconnect\": could not find dataconnect.yaml in `c:\\cubefinalinnextjs\\cube-tech\\dataconnect`\n"}}
[debug] [2026-01-19T20:39:15.305Z] E0120 02:09:15.304365   17904 watch.go:40] Failed to load config from "c:\\cubefinalinnextjs\\cube-tech\\dataconnect": could not find dataconnect.yaml in `c:\cubefinalinnextjs\cube-tech\dataconnect`
 {"metadata":{"emulator":{"name":"dataconnect"},"message":"E0120 02:09:15.304365   17904 watch.go:40] Failed to load config from \"c:\\\\cubefinalinnextjs\\\\cube-tech\\\\dataconnect\": could not find dataconnect.yaml in `c:\\cubefinalinnextjs\\cube-tech\\dataconnect`\n"}}
[debug] [2026-01-19T20:39:25.305Z] E0120 02:09:25.304828   17904 watch.go:40] Failed to load config from "c:\\cubefinalinnextjs\\cube-tech\\dataconnect": could not find dataconnect.yaml in `c:\cubefinalinnextjs\cube-tech\dataconnect`
 {"metadata":{"emulator":{"name":"dataconnect"},"message":"E0120 02:09:25.304828   17904 watch.go:40] Failed to load config from \"c:\\\\cubefinalinnextjs\\\\cube-tech\\\\dataconnect\": could not find dataconnect.yaml in `c:\\cubefinalinnextjs\\cube-tech\\dataconnect`\n"}}
[debug] [2026-01-19T20:39:35.304Z] E0120 02:09:35.304375   17904 watch.go:40] Failed to load config from "c:\\cubefinalinnextjs\\cube-tech\\dataconnect": could not find dataconnect.yaml in `c:\cubefinalinnextjs\cube-tech\dataconnect`
 {"metadata":{"emulator":{"name":"dataconnect"},"message":"E0120 02:09:35.304375   17904 watch.go:40] Failed to load config from \"c:\\\\cubefinalinnextjs\\\\cube-tech\\\\dataconnect\": could not find dataconnect.yaml in `c:\\cubefinalinnextjs\\cube-tech\\dataconnect`\n"}}
[debug] [2026-01-19T20:39:45.304Z] E0120 02:09:45.304579   17904 watch.go:40] Failed to load config from "c:\\cubefinalinnextjs\\cube-tech\\dataconnect": could not find dataconnect.yaml in `c:\cubefinalinnextjs\cube-tech\dataconnect`
 {"metadata":{"emulator":{"name":"dataconnect"},"message":"E0120 02:09:45.304579   17904 watch.go:40] Failed to load config from \"c:\\\\cubefinalinnextjs\\\\cube-tech\\\\dataconnect\": could not find dataconnect.yaml in `c:\\cubefinalinnextjs\\cube-tech\\dataconnect`\n"}}
[debug] [2026-01-19T20:39:55.304Z] E0120 02:09:55.304212   17904 watch.go:116] watchAllDir unable to walk dir `c:\cubefinalinnextjs\cube-tech\dataconnect`: CreateFile c:\cubefinalinnextjs\cube-tech\dataconnect: The system cannot find the file specified.
E0120 02:09:55.304730   17904 watch.go:40] Failed to load config from "c:\\cubefinalinnextjs\\cube-tech\\dataconnect": could not find dataconnect.yaml in `c:\cubefinalinnextjs\cube-tech\dataconnect`
 {"metadata":{"emulator":{"name":"dataconnect"},"message":"E0120 02:09:55.304212   17904 watch.go:116] watchAllDir unable to walk dir `c:\\cubefinalinnextjs\\cube-tech\\dataconnect`: CreateFile c:\\cubefinalinnextjs\\cube-tech\\dataconnect: The system cannot find the file specified.\nE0120 02:09:55.304730   17904 watch.go:40] Failed to load config from \"c:\\\\cubefinalinnextjs\\\\cube-tech\\\\dataconnect\": could not find dataconnect.yaml in `c:\\cubefinalinnextjs\\cube-tech\\dataconnect`\n"}}
[debug] [2026-01-19T20:40:05.305Z] E0120 02:10:05.305783   17904 watch.go:40] Failed to load config from "c:\\cubefinalinnextjs\\cube-tech\\dataconnect": could not find dataconnect.yaml in `c:\cubefinalinnextjs\cube-tech\dataconnect`
 {"metadata":{"emulator":{"name":"dataconnect"},"message":"E0120 02:10:05.305783   17904 watch.go:40] Failed to load config from \"c:\\\\cubefinalinnextjs\\\\cube-tech\\\\dataconnect\": could not find dataconnect.yaml in `c:\\cubefinalinnextjs\\cube-tech\\dataconnect`\n"}}
[debug] [2026-01-19T20:40:15.304Z] E0120 02:10:15.304630   17904 watch.go:40] Failed to load config from "c:\\cubefinalinnextjs\\cube-tech\\dataconnect": could not find dataconnect.yaml in `c:\cubefinalinnextjs\cube-tech\dataconnect`
 {"metadata":{"emulator":{"name":"dataconnect"},"message":"E0120 02:10:15.304630   17904 watch.go:40] Failed to load config from \"c:\\\\cubefinalinnextjs\\\\cube-tech\\\\dataconnect\": could not find dataconnect.yaml in `c:\\cubefinalinnextjs\\cube-tech\\dataconnect`\n"}}
[debug] [2026-01-19T20:40:25.305Z] E0120 02:10:25.305610   17904 watch.go:40] Failed to load config from "c:\\cubefinalinnextjs\\cube-tech\\dataconnect": could not find dataconnect.yaml in `c:\cubefinalinnextjs\cube-tech\dataconnect`
 {"metadata":{"emulator":{"name":"dataconnect"},"message":"E0120 02:10:25.305610   17904 watch.go:40] Failed to load config from \"c:\\\\cubefinalinnextjs\\\\cube-tech\\\\dataconnect\": could not find dataconnect.yaml in `c:\\cubefinalinnextjs\\cube-tech\\dataconnect`\n"}}
[debug] [2026-01-19T20:40:35.305Z] E0120 02:10:35.304831   17904 watch.go:40] Failed to load config from "c:\\cubefinalinnextjs\\cube-tech\\dataconnect": could not find dataconnect.yaml in `c:\cubefinalinnextjs\cube-tech\dataconnect`
 {"metadata":{"emulator":{"name":"dataconnect"},"message":"E0120 02:10:35.304831   17904 watch.go:40] Failed to load config from \"c:\\\\cubefinalinnextjs\\\\cube-tech\\\\dataconnect\": could not find dataconnect.yaml in `c:\\cubefinalinnextjs\\cube-tech\\dataconnect`\n"}}
[debug] [2026-01-19T20:40:45.304Z] E0120 02:10:45.304865   17904 watch.go:40] Failed to load config from "c:\\cubefinalinnextjs\\cube-tech\\dataconnect": could not find dataconnect.yaml in `c:\cubefinalinnextjs\cube-tech\dataconnect`
 {"metadata":{"emulator":{"name":"dataconnect"},"message":"E0120 02:10:45.304865   17904 watch.go:40] Failed to load config from \"c:\\\\cubefinalinnextjs\\\\cube-tech\\\\dataconnect\": could not find dataconnect.yaml in `c:\\cubefinalinnextjs\\cube-tech\\dataconnect`\n"}}
[debug] [2026-01-19T20:40:55.304Z] E0120 02:10:55.304761   17904 watch.go:116] watchAllDir unable to walk dir `c:\cubefinalinnextjs\cube-tech\dataconnect`: CreateFile c:\cubefinalinnextjs\cube-tech\dataconnect: The system cannot find the file specified.
E0120 02:10:55.304761   17904 watch.go:40] Failed to load config from "c:\\cubefinalinnextjs\\cube-tech\\dataconnect": could not find dataconnect.yaml in `c:\cubefinalinnextjs\cube-tech\dataconnect`
 {"metadata":{"emulator":{"name":"dataconnect"},"message":"E0120 02:10:55.304761   17904 watch.go:116] watchAllDir unable to walk dir `c:\\cubefinalinnextjs\\cube-tech\\dataconnect`: CreateFile c:\\cubefinalinnextjs\\cube-tech\\dataconnect: The system cannot find the file specified.\nE0120 02:10:55.304761   17904 watch.go:40] Failed to load config from \"c:\\\\cubefinalinnextjs\\\\cube-tech\\\\dataconnect\": could not find dataconnect.yaml in `c:\\cubefinalinnextjs\\cube-tech\\dataconnect`\n"}}
[debug] [2026-01-19T20:41:05.305Z] E0120 02:11:05.305483   17904 watch.go:40] Failed to load config from "c:\\cubefinalinnextjs\\cube-tech\\dataconnect": could not find dataconnect.yaml in `c:\cubefinalinnextjs\cube-tech\dataconnect`
 {"metadata":{"emulator":{"name":"dataconnect"},"message":"E0120 02:11:05.305483   17904 watch.go:40] Failed to load config from \"c:\\\\cubefinalinnextjs\\\\cube-tech\\\\dataconnect\": could not find dataconnect.yaml in `c:\\cubefinalinnextjs\\cube-tech\\dataconnect`\n"}}
[debug] [2026-01-19T20:41:15.305Z] E0120 02:11:15.306055   17904 watch.go:40] Failed to load config from "c:\\cubefinalinnextjs\\cube-tech\\dataconnect": could not find dataconnect.yaml in `c:\cubefinalinnextjs\cube-tech\dataconnect`
 {"metadata":{"emulator":{"name":"dataconnect"},"message":"E0120 02:11:15.306055   17904 watch.go:40] Failed to load config from \"c:\\\\cubefinalinnextjs\\\\cube-tech\\\\dataconnect\": could not find dataconnect.yaml in `c:\\cubefinalinnextjs\\cube-tech\\dataconnect`\n"}}
[debug] [2026-01-19T20:41:25.305Z] E0120 02:11:25.305082   17904 watch.go:40] Failed to load config from "c:\\cubefinalinnextjs\\cube-tech\\dataconnect": could not find dataconnect.yaml in `c:\cubefinalinnextjs\cube-tech\dataconnect`
 {"metadata":{"emulator":{"name":"dataconnect"},"message":"E0120 02:11:25.305082   17904 watch.go:40] Failed to load config from \"c:\\\\cubefinalinnextjs\\\\cube-tech\\\\dataconnect\": could not find dataconnect.yaml in `c:\\cubefinalinnextjs\\cube-tech\\dataconnect`\n"}}
[debug] [2026-01-19T20:41:35.305Z] E0120 02:11:35.304733   17904 watch.go:40] Failed to load config from "c:\\cubefinalinnextjs\\cube-tech\\dataconnect": could not find dataconnect.yaml in `c:\cubefinalinnextjs\cube-tech\dataconnect`
 {"metadata":{"emulator":{"name":"dataconnect"},"message":"E0120 02:11:35.304733   17904 watch.go:40] Failed to load config from \"c:\\\\cubefinalinnextjs\\\\cube-tech\\\\dataconnect\": could not find dataconnect.yaml in `c:\\cubefinalinnextjs\\cube-tech\\dataconnect`\n"}}
[debug] [2026-01-19T20:41:45.306Z] E0120 02:11:45.305460   17904 watch.go:40] Failed to load config from "c:\\cubefinalinnextjs\\cube-tech\\dataconnect": could not find dataconnect.yaml in `c:\cubefinalinnextjs\cube-tech\dataconnect`
 {"metadata":{"emulator":{"name":"dataconnect"},"message":"E0120 02:11:45.305460   17904 watch.go:40] Failed to load config from \"c:\\\\cubefinalinnextjs\\\\cube-tech\\\\dataconnect\": could not find dataconnect.yaml in `c:\\cubefinalinnextjs\\cube-tech\\dataconnect`\n"}}
[debug] [2026-01-19T20:41:55.305Z] E0120 02:11:55.305072   17904 watch.go:116] watchAllDir unable to walk dir `c:\cubefinalinnextjs\cube-tech\dataconnect`: CreateFile c:\cubefinalinnextjs\cube-tech\dataconnect: The system cannot find the file specified.
E0120 02:11:55.305621   17904 watch.go:40] Failed to load config from "c:\\cubefinalinnextjs\\cube-tech\\dataconnect": could not find dataconnect.yaml in `c:\cubefinalinnextjs\cube-tech\dataconnect`
 {"metadata":{"emulator":{"name":"dataconnect"},"message":"E0120 02:11:55.305072   17904 watch.go:116] watchAllDir unable to walk dir `c:\\cubefinalinnextjs\\cube-tech\\dataconnect`: CreateFile c:\\cubefinalinnextjs\\cube-tech\\dataconnect: The system cannot find the file specified.\nE0120 02:11:55.305621   17904 watch.go:40] Failed to load config from \"c:\\\\cubefinalinnextjs\\\\cube-tech\\\\dataconnect\": could not find dataconnect.yaml in `c:\\cubefinalinnextjs\\cube-tech\\dataconnect`\n"}}
[debug] [2026-01-19T20:42:05.305Z] E0120 02:12:05.305223   17904 watch.go:40] Failed to load config from "c:\\cubefinalinnextjs\\cube-tech\\dataconnect": could not find dataconnect.yaml in `c:\cubefinalinnextjs\cube-tech\dataconnect`
 {"metadata":{"emulator":{"name":"dataconnect"},"message":"E0120 02:12:05.305223   17904 watch.go:40] Failed to load config from \"c:\\\\cubefinalinnextjs\\\\cube-tech\\\\dataconnect\": could not find dataconnect.yaml in `c:\\cubefinalinnextjs\\cube-tech\\dataconnect`\n"}}
[debug] [2026-01-19T20:42:15.305Z] E0120 02:12:15.304677   17904 watch.go:40] Failed to load config from "c:\\cubefinalinnextjs\\cube-tech\\dataconnect": could not find dataconnect.yaml in `c:\cubefinalinnextjs\cube-tech\dataconnect`
 {"metadata":{"emulator":{"name":"dataconnect"},"message":"E0120 02:12:15.304677   17904 watch.go:40] Failed to load config from \"c:\\\\cubefinalinnextjs\\\\cube-tech\\\\dataconnect\": could not find dataconnect.yaml in `c:\\cubefinalinnextjs\\cube-tech\\dataconnect`\n"}}
[debug] [2026-01-19T20:42:25.305Z] E0120 02:12:25.304997   17904 watch.go:40] Failed to load config from "c:\\cubefinalinnextjs\\cube-tech\\dataconnect": could not find dataconnect.yaml in `c:\cubefinalinnextjs\cube-tech\dataconnect`
 {"metadata":{"emulator":{"name":"dataconnect"},"message":"E0120 02:12:25.304997   17904 watch.go:40] Failed to load config from \"c:\\\\cubefinalinnextjs\\\\cube-tech\\\\dataconnect\": could not find dataconnect.yaml in `c:\\cubefinalinnextjs\\cube-tech\\dataconnect`\n"}}
[debug] [2026-01-19T20:42:35.305Z] E0120 02:12:35.304933   17904 watch.go:40] Failed to load config from "c:\\cubefinalinnextjs\\cube-tech\\dataconnect": could not find dataconnect.yaml in `c:\cubefinalinnextjs\cube-tech\dataconnect`
 {"metadata":{"emulator":{"name":"dataconnect"},"message":"E0120 02:12:35.304933   17904 watch.go:40] Failed to load config from \"c:\\\\cubefinalinnextjs\\\\cube-tech\\\\dataconnect\": could not find dataconnect.yaml in `c:\\cubefinalinnextjs\\cube-tech\\dataconnect`\n"}}
[debug] [2026-01-19T20:42:45.305Z] E0120 02:12:45.305735   17904 watch.go:40] Failed to load config from "c:\\cubefinalinnextjs\\cube-tech\\dataconnect": could not find dataconnect.yaml in `c:\cubefinalinnextjs\cube-tech\dataconnect`
 {"metadata":{"emulator":{"name":"dataconnect"},"message":"E0120 02:12:45.305735   17904 watch.go:40] Failed to load config from \"c:\\\\cubefinalinnextjs\\\\cube-tech\\\\dataconnect\": could not find dataconnect.yaml in `c:\\cubefinalinnextjs\\cube-tech\\dataconnect`\n"}}
[debug] [2026-01-19T20:42:55.304Z] E0120 02:12:55.304623   17904 watch.go:116] watchAllDir unable to walk dir `c:\cubefinalinnextjs\cube-tech\dataconnect`: CreateFile c:\cubefinalinnextjs\cube-tech\dataconnect: The system cannot find the file specified.
E0120 02:12:55.305436   17904 watch.go:40] Failed to load config from "c:\\cubefinalinnextjs\\cube-tech\\dataconnect": could not find dataconnect.yaml in `c:\cubefinalinnextjs\cube-tech\dataconnect`
 {"metadata":{"emulator":{"name":"dataconnect"},"message":"E0120 02:12:55.304623   17904 watch.go:116] watchAllDir unable to walk dir `c:\\cubefinalinnextjs\\cube-tech\\dataconnect`: CreateFile c:\\cubefinalinnextjs\\cube-tech\\dataconnect: The system cannot find the file specified.\nE0120 02:12:55.305436   17904 watch.go:40] Failed to load config from \"c:\\\\cubefinalinnextjs\\\\cube-tech\\\\dataconnect\": could not find dataconnect.yaml in `c:\\cubefinalinnextjs\\cube-tech\\dataconnect`\n"}}
[debug] [2026-01-19T20:43:05.305Z] E0120 02:13:05.305018   17904 watch.go:40] Failed to load config from "c:\\cubefinalinnextjs\\cube-tech\\dataconnect": could not find dataconnect.yaml in `c:\cubefinalinnextjs\cube-tech\dataconnect`
 {"metadata":{"emulator":{"name":"dataconnect"},"message":"E0120 02:13:05.305018   17904 watch.go:40] Failed to load config from \"c:\\\\cubefinalinnextjs\\\\cube-tech\\\\dataconnect\": could not find dataconnect.yaml in `c:\\cubefinalinnextjs\\cube-tech\\dataconnect`\n"}}
[debug] [2026-01-19T20:43:15.305Z] E0120 02:13:15.305675   17904 watch.go:40] Failed to load config from "c:\\cubefinalinnextjs\\cube-tech\\dataconnect": could not find dataconnect.yaml in `c:\cubefinalinnextjs\cube-tech\dataconnect`
 {"metadata":{"emulator":{"name":"dataconnect"},"message":"E0120 02:13:15.305675   17904 watch.go:40] Failed to load config from \"c:\\\\cubefinalinnextjs\\\\cube-tech\\\\dataconnect\": could not find dataconnect.yaml in `c:\\cubefinalinnextjs\\cube-tech\\dataconnect`\n"}}
[debug] [2026-01-19T20:43:25.305Z] E0120 02:13:25.305590   17904 watch.go:40] Failed to load config from "c:\\cubefinalinnextjs\\cube-tech\\dataconnect": could not find dataconnect.yaml in `c:\cubefinalinnextjs\cube-tech\dataconnect`
 {"metadata":{"emulator":{"name":"dataconnect"},"message":"E0120 02:13:25.305590   17904 watch.go:40] Failed to load config from \"c:\\\\cubefinalinnextjs\\\\cube-tech\\\\dataconnect\": could not find dataconnect.yaml in `c:\\cubefinalinnextjs\\cube-tech\\dataconnect`\n"}}
[debug] [2026-01-19T20:43:35.306Z] E0120 02:13:35.306599   17904 watch.go:40] Failed to load config from "c:\\cubefinalinnextjs\\cube-tech\\dataconnect": could not find dataconnect.yaml in `c:\cubefinalinnextjs\cube-tech\dataconnect`
 {"metadata":{"emulator":{"name":"dataconnect"},"message":"E0120 02:13:35.306599   17904 watch.go:40] Failed to load config from \"c:\\\\cubefinalinnextjs\\\\cube-tech\\\\dataconnect\": could not find dataconnect.yaml in `c:\\cubefinalinnextjs\\cube-tech\\dataconnect`\n"}}
[debug] [2026-01-19T20:43:45.305Z] E0120 02:13:45.306054   17904 watch.go:40] Failed to load config from "c:\\cubefinalinnextjs\\cube-tech\\dataconnect": could not find dataconnect.yaml in `c:\cubefinalinnextjs\cube-tech\dataconnect`
 {"metadata":{"emulator":{"name":"dataconnect"},"message":"E0120 02:13:45.306054   17904 watch.go:40] Failed to load config from \"c:\\\\cubefinalinnextjs\\\\cube-tech\\\\dataconnect\": could not find dataconnect.yaml in `c:\\cubefinalinnextjs\\cube-tech\\dataconnect`\n"}}
[debug] [2026-01-19T20:43:55.305Z] E0120 02:13:55.305251   17904 watch.go:40] Failed to load config from "c:\\cubefinalinnextjs\\cube-tech\\dataconnect": could not find dataconnect.yaml in `c:\cubefinalinnextjs\cube-tech\dataconnect`
E0120 02:13:55.305251   17904 watch.go:116] watchAllDir unable to walk dir `c:\cubefinalinnextjs\cube-tech\dataconnect`: CreateFile c:\cubefinalinnextjs\cube-tech\dataconnect: The system cannot find the file specified.
 {"metadata":{"emulator":{"name":"dataconnect"},"message":"E0120 02:13:55.305251   17904 watch.go:40] Failed to load config from \"c:\\\\cubefinalinnextjs\\\\cube-tech\\\\dataconnect\": could not find dataconnect.yaml in `c:\\cubefinalinnextjs\\cube-tech\\dataconnect`\nE0120 02:13:55.305251   17904 watch.go:116] watchAllDir unable to walk dir `c:\\cubefinalinnextjs\\cube-tech\\dataconnect`: CreateFile c:\\cubefinalinnextjs\\cube-tech\\dataconnect: The system cannot find the file specified.\n"}}
[debug] [2026-01-19T20:44:05.304Z] E0120 02:14:05.304749   17904 watch.go:40] Failed to load config from "c:\\cubefinalinnextjs\\cube-tech\\dataconnect": could not find dataconnect.yaml in `c:\cubefinalinnextjs\cube-tech\dataconnect`
 {"metadata":{"emulator":{"name":"dataconnect"},"message":"E0120 02:14:05.304749   17904 watch.go:40] Failed to load config from \"c:\\\\cubefinalinnextjs\\\\cube-tech\\\\dataconnect\": could not find dataconnect.yaml in `c:\\cubefinalinnextjs\\cube-tech\\dataconnect`\n"}}
[debug] [2026-01-19T20:44:15.304Z] E0120 02:14:15.305243   17904 watch.go:40] Failed to load config from "c:\\cubefinalinnextjs\\cube-tech\\dataconnect": could not find dataconnect.yaml in `c:\cubefinalinnextjs\cube-tech\dataconnect`
 {"metadata":{"emulator":{"name":"dataconnect"},"message":"E0120 02:14:15.305243   17904 watch.go:40] Failed to load config from \"c:\\\\cubefinalinnextjs\\\\cube-tech\\\\dataconnect\": could not find dataconnect.yaml in `c:\\cubefinalinnextjs\\cube-tech\\dataconnect`\n"}}
[debug] [2026-01-19T20:44:25.304Z] E0120 02:14:25.304877   17904 watch.go:40] Failed to load config from "c:\\cubefinalinnextjs\\cube-tech\\dataconnect": could not find dataconnect.yaml in `c:\cubefinalinnextjs\cube-tech\dataconnect`
 {"metadata":{"emulator":{"name":"dataconnect"},"message":"E0120 02:14:25.304877   17904 watch.go:40] Failed to load config from \"c:\\\\cubefinalinnextjs\\\\cube-tech\\\\dataconnect\": could not find dataconnect.yaml in `c:\\cubefinalinnextjs\\cube-tech\\dataconnect`\n"}}
[debug] [2026-01-19T20:44:35.306Z] E0120 02:14:35.306284   17904 watch.go:40] Failed to load config from "c:\\cubefinalinnextjs\\cube-tech\\dataconnect": could not find dataconnect.yaml in `c:\cubefinalinnextjs\cube-tech\dataconnect`
 {"metadata":{"emulator":{"name":"dataconnect"},"message":"E0120 02:14:35.306284   17904 watch.go:40] Failed to load config from \"c:\\\\cubefinalinnextjs\\\\cube-tech\\\\dataconnect\": could not find dataconnect.yaml in `c:\\cubefinalinnextjs\\cube-tech\\dataconnect`\n"}}
[debug] [2026-01-19T20:44:45.305Z] E0120 02:14:45.304935   17904 watch.go:40] Failed to load config from "c:\\cubefinalinnextjs\\cube-tech\\dataconnect": could not find dataconnect.yaml in `c:\cubefinalinnextjs\cube-tech\dataconnect`
 {"metadata":{"emulator":{"name":"dataconnect"},"message":"E0120 02:14:45.304935   17904 watch.go:40] Failed to load config from \"c:\\\\cubefinalinnextjs\\\\cube-tech\\\\dataconnect\": could not find dataconnect.yaml in `c:\\cubefinalinnextjs\\cube-tech\\dataconnect`\n"}}
[debug] [2026-01-19T20:44:55.305Z] E0120 02:14:55.305300   17904 watch.go:116] watchAllDir unable to walk dir `c:\cubefinalinnextjs\cube-tech\dataconnect`: CreateFile c:\cubefinalinnextjs\cube-tech\dataconnect: The system cannot find the file specified.
 {"metadata":{"emulator":{"name":"dataconnect"},"message":"E0120 02:14:55.305300   17904 watch.go:116] watchAllDir unable to walk dir `c:\\cubefinalinnextjs\\cube-tech\\dataconnect`: CreateFile c:\\cubefinalinnextjs\\cube-tech\\dataconnect: The system cannot find the file specified.\n"}}
[debug] [2026-01-19T20:44:55.308Z] E0120 02:14:55.306974   17904 watch.go:40] Failed to load config from "c:\\cubefinalinnextjs\\cube-tech\\dataconnect": could not find dataconnect.yaml in `c:\cubefinalinnextjs\cube-tech\dataconnect`
 {"metadata":{"emulator":{"name":"dataconnect"},"message":"E0120 02:14:55.306974   17904 watch.go:40] Failed to load config from \"c:\\\\cubefinalinnextjs\\\\cube-tech\\\\dataconnect\": could not find dataconnect.yaml in `c:\\cubefinalinnextjs\\cube-tech\\dataconnect`\n"}}
[debug] [2026-01-19T20:45:05.304Z] E0120 02:15:05.304963   17904 watch.go:40] Failed to load config from "c:\\cubefinalinnextjs\\cube-tech\\dataconnect": could not find dataconnect.yaml in `c:\cubefinalinnextjs\cube-tech\dataconnect`
 {"metadata":{"emulator":{"name":"dataconnect"},"message":"E0120 02:15:05.304963   17904 watch.go:40] Failed to load config from \"c:\\\\cubefinalinnextjs\\\\cube-tech\\\\dataconnect\": could not find dataconnect.yaml in `c:\\cubefinalinnextjs\\cube-tech\\dataconnect`\n"}}
[debug] [2026-01-19T20:45:15.304Z] E0120 02:15:15.305014   17904 watch.go:40] Failed to load config from "c:\\cubefinalinnextjs\\cube-tech\\dataconnect": could not find dataconnect.yaml in `c:\cubefinalinnextjs\cube-tech\dataconnect`
 {"metadata":{"emulator":{"name":"dataconnect"},"message":"E0120 02:15:15.305014   17904 watch.go:40] Failed to load config from \"c:\\\\cubefinalinnextjs\\\\cube-tech\\\\dataconnect\": could not find dataconnect.yaml in `c:\\cubefinalinnextjs\\cube-tech\\dataconnect`\n"}}
[debug] [2026-01-19T20:45:25.306Z] E0120 02:15:25.306054   17904 watch.go:40] Failed to load config from "c:\\cubefinalinnextjs\\cube-tech\\dataconnect": could not find dataconnect.yaml in `c:\cubefinalinnextjs\cube-tech\dataconnect`
 {"metadata":{"emulator":{"name":"dataconnect"},"message":"E0120 02:15:25.306054   17904 watch.go:40] Failed to load config from \"c:\\\\cubefinalinnextjs\\\\cube-tech\\\\dataconnect\": could not find dataconnect.yaml in `c:\\cubefinalinnextjs\\cube-tech\\dataconnect`\n"}}
[debug] [2026-01-19T20:45:35.307Z] E0120 02:15:35.306723   17904 watch.go:40] Failed to load config from "c:\\cubefinalinnextjs\\cube-tech\\dataconnect": could not find dataconnect.yaml in `c:\cubefinalinnextjs\cube-tech\dataconnect`
 {"metadata":{"emulator":{"name":"dataconnect"},"message":"E0120 02:15:35.306723   17904 watch.go:40] Failed to load config from \"c:\\\\cubefinalinnextjs\\\\cube-tech\\\\dataconnect\": could not find dataconnect.yaml in `c:\\cubefinalinnextjs\\cube-tech\\dataconnect`\n"}}
[debug] [2026-01-19T20:45:45.305Z] E0120 02:15:45.305142   17904 watch.go:40] Failed to load config from "c:\\cubefinalinnextjs\\cube-tech\\dataconnect": could not find dataconnect.yaml in `c:\cubefinalinnextjs\cube-tech\dataconnect`
 {"metadata":{"emulator":{"name":"dataconnect"},"message":"E0120 02:15:45.305142   17904 watch.go:40] Failed to load config from \"c:\\\\cubefinalinnextjs\\\\cube-tech\\\\dataconnect\": could not find dataconnect.yaml in `c:\\cubefinalinnextjs\\cube-tech\\dataconnect`\n"}}
[info] [Firebase Plugin] Stopping Data Connect toolkit
[warn] !  Data Connect Emulator has exited upon receiving signal: SIGINT 
[debug] [2026-01-22T19:52:41.535Z] [Firebase Plugin] Activating Firebase extension.
[debug] [2026-01-22T19:53:32.473Z] [Firebase Plugin] requireAuthWrapper
[debug] [2026-01-22T19:53:32.477Z] > command requires scopes: ["email","openid","https://www.googleapis.com/auth/cloudplatformprojects.readonly","https://www.googleapis.com/auth/firebase","https://www.googleapis.com/auth/cloud-platform"]
[debug] [2026-01-22T19:53:32.479Z] > authorizing via signed-in user (shakdatop@gmail.com)
[debug] [2026-01-22T19:53:32.483Z] Checked if tokens are valid: false, expires at: 1768858515780
[debug] [2026-01-22T19:53:32.483Z] Checked if tokens are valid: false, expires at: 1768858515780
[debug] [2026-01-22T19:53:32.484Z] > refreshing access token with scopes: []
[debug] [2026-01-22T19:53:32.487Z] >>> [apiv2][query] POST https://www.googleapis.com/oauth2/v3/token [none]
[debug] [2026-01-22T19:53:32.487Z] >>> [apiv2][body] POST https://www.googleapis.com/oauth2/v3/token [omitted]
[debug] [2026-01-22T19:53:32.506Z] [Firebase Plugin] VSCode notification server listening on port 40001
[info] [Firebase Plugin] Starting Data Connect toolkit (version 3.0.2) on port 50001
[debug] [2026-01-22T19:53:34.632Z] 'fdc build' failed with error: Unable to build your Data Connect schema and connectors (exit code 1): E0123 01:23:34.623735    2968 cmd.go:43] Error loading data connect config: could not find dataconnect.yaml in `c:\cubefinalinnextjs\cube-tech\dataconnect`
 {"metadata":{"emulator":{"name":"dataconnect"},"message":"'fdc build' failed with error: Unable to build your Data Connect schema and connectors (exit code 1): E0123 01:23:34.623735    2968 cmd.go:43] Error loading data connect config: could not find dataconnect.yaml in `c:\\cubefinalinnextjs\\cube-tech\\dataconnect`\n"}}
[debug] [2026-01-22T19:53:34.634Z] Ignoring unsupported arg: auto_download {"metadata":{"emulator":{"name":"dataconnect"},"message":"Ignoring unsupported arg: auto_download"}}
[debug] [2026-01-22T19:53:34.634Z] Ignoring unsupported arg: port {"metadata":{"emulator":{"name":"dataconnect"},"message":"Ignoring unsupported arg: port"}}
[debug] [2026-01-22T19:53:34.635Z] Starting Data Connect Emulator with command {"binary":"C:\\Users\\Shoeii\\.cache\\firebase\\emulators\\dataconnect-emulator-3.0.2.exe","args":["--logtostderr","-v=2","dev","--listen=localhost:50001","--config_dir=c:\\cubefinalinnextjs\\cube-tech\\dataconnect","--enable_output_schema_extensions=true","--enable_output_generated_sdk=true"],"optionalArgs":["listen","config_dir","enable_output_schema_extensions","enable_output_generated_sdk"],"joinArgs":true,"shell":false,"port":9399} {"metadata":{"emulator":{"name":"dataconnect"},"message":"Starting Data Connect Emulator with command {\"binary\":\"C:\\\\Users\\\\Shoeii\\\\.cache\\\\firebase\\\\emulators\\\\dataconnect-emulator-3.0.2.exe\",\"args\":[\"--logtostderr\",\"-v=2\",\"dev\",\"--listen=localhost:50001\",\"--config_dir=c:\\\\cubefinalinnextjs\\\\cube-tech\\\\dataconnect\",\"--enable_output_schema_extensions=true\",\"--enable_output_generated_sdk=true\"],\"optionalArgs\":[\"listen\",\"config_dir\",\"enable_output_schema_extensions\",\"enable_output_generated_sdk\"],\"joinArgs\":true,\"shell\":false,\"port\":9399}"}}
[info] i  dataconnect: Data Connect Emulator logging to dataconnect-debug.log {"metadata":{"emulator":{"name":"dataconnect"},"message":"Data Connect Emulator logging to \u001b[1mdataconnect-debug.log\u001b[22m"}}
[debug] [2026-01-22T19:53:34.688Z] E0123 01:23:34.682433   21872 dev.go:83] Failed to load initial config from "c:\\cubefinalinnextjs\\cube-tech\\dataconnect": could not find dataconnect.yaml in `c:\cubefinalinnextjs\cube-tech\dataconnect`
E0123 01:23:34.682955   21872 watch.go:116] watchAllDir unable to walk dir `c:\cubefinalinnextjs\cube-tech\dataconnect`: CreateFile c:\cubefinalinnextjs\cube-tech\dataconnect: The system cannot find the file specified.
 {"metadata":{"emulator":{"name":"dataconnect"},"message":"E0123 01:23:34.682433   21872 dev.go:83] Failed to load initial config from \"c:\\\\cubefinalinnextjs\\\\cube-tech\\\\dataconnect\": could not find dataconnect.yaml in `c:\\cubefinalinnextjs\\cube-tech\\dataconnect`\nE0123 01:23:34.682955   21872 watch.go:116] watchAllDir unable to walk dir `c:\\cubefinalinnextjs\\cube-tech\\dataconnect`: CreateFile c:\\cubefinalinnextjs\\cube-tech\\dataconnect: The system cannot find the file specified.\n"}}
[debug] [2026-01-22T19:53:34.728Z] I0123 01:23:34.701994   21872 dev.go:104] Listening on address (HTTP + gRPC): 127.0.0.1:50001
 {"metadata":{"emulator":{"name":"dataconnect"},"message":"I0123 01:23:34.701994   21872 dev.go:104] Listening on address (HTTP + gRPC): 127.0.0.1:50001\n"}}
[debug] [2026-01-22T19:53:34.748Z] <<< [apiv2][status] POST https://www.googleapis.com/oauth2/v3/token 200
[debug] [2026-01-22T19:53:34.749Z] <<< [apiv2][body] POST https://www.googleapis.com/oauth2/v3/token [omitted]
[debug] [2026-01-22T19:53:34.790Z] [Firebase Plugin] User found:  shakdatop@gmail.com
[info] [Firebase Plugin] (Core:Project) New user detected, fetching projects
[debug] [2026-01-22T19:53:34.793Z] Checked if tokens are valid: true, expires at: 1769115213749
[debug] [2026-01-22T19:53:34.794Z] >>> [apiv2][query] GET https://firebase.googleapis.com/v1beta1/projects pageSize=1000
[error] [Firebase Plugin] error:  {}
[debug] [2026-01-22T19:53:35.924Z] <<< [apiv2][status] GET https://firebase.googleapis.com/v1beta1/projects 200
[debug] [2026-01-22T19:53:35.924Z] <<< [apiv2][body] GET https://firebase.googleapis.com/v1beta1/projects [omitted]
[debug] [2026-01-22T19:53:44.692Z] E0123 01:23:44.685071   21872 watch.go:40] Failed to load config from "c:\\cubefinalinnextjs\\cube-tech\\dataconnect": could not find dataconnect.yaml in `c:\cubefinalinnextjs\cube-tech\dataconnect`
 {"metadata":{"emulator":{"name":"dataconnect"},"message":"E0123 01:23:44.685071   21872 watch.go:40] Failed to load config from \"c:\\\\cubefinalinnextjs\\\\cube-tech\\\\dataconnect\": could not find dataconnect.yaml in `c:\\cubefinalinnextjs\\cube-tech\\dataconnect`\n"}}
[debug] [2026-01-22T19:53:54.683Z] E0123 01:23:54.683811   21872 watch.go:40] Failed to load config from "c:\\cubefinalinnextjs\\cube-tech\\dataconnect": could not find dataconnect.yaml in `c:\cubefinalinnextjs\cube-tech\dataconnect`
 {"metadata":{"emulator":{"name":"dataconnect"},"message":"E0123 01:23:54.683811   21872 watch.go:40] Failed to load config from \"c:\\\\cubefinalinnextjs\\\\cube-tech\\\\dataconnect\": could not find dataconnect.yaml in `c:\\cubefinalinnextjs\\cube-tech\\dataconnect`\n"}}
[debug] [2026-01-22T19:54:04.684Z] E0123 01:24:04.683860   21872 watch.go:40] Failed to load config from "c:\\cubefinalinnextjs\\cube-tech\\dataconnect": could not find dataconnect.yaml in `c:\cubefinalinnextjs\cube-tech\dataconnect`
 {"metadata":{"emulator":{"name":"dataconnect"},"message":"E0123 01:24:04.683860   21872 watch.go:40] Failed to load config from \"c:\\\\cubefinalinnextjs\\\\cube-tech\\\\dataconnect\": could not find dataconnect.yaml in `c:\\cubefinalinnextjs\\cube-tech\\dataconnect`\n"}}
[debug] [2026-01-22T19:54:14.684Z] E0123 01:24:14.684098   21872 watch.go:40] Failed to load config from "c:\\cubefinalinnextjs\\cube-tech\\dataconnect": could not find dataconnect.yaml in `c:\cubefinalinnextjs\cube-tech\dataconnect`
 {"metadata":{"emulator":{"name":"dataconnect"},"message":"E0123 01:24:14.684098   21872 watch.go:40] Failed to load config from \"c:\\\\cubefinalinnextjs\\\\cube-tech\\\\dataconnect\": could not find dataconnect.yaml in `c:\\cubefinalinnextjs\\cube-tech\\dataconnect`\n"}}
[debug] [2026-01-22T19:54:24.683Z] E0123 01:24:24.684193   21872 watch.go:40] Failed to load config from "c:\\cubefinalinnextjs\\cube-tech\\dataconnect": could not find dataconnect.yaml in `c:\cubefinalinnextjs\cube-tech\dataconnect`
 {"metadata":{"emulator":{"name":"dataconnect"},"message":"E0123 01:24:24.684193   21872 watch.go:40] Failed to load config from \"c:\\\\cubefinalinnextjs\\\\cube-tech\\\\dataconnect\": could not find dataconnect.yaml in `c:\\cubefinalinnextjs\\cube-tech\\dataconnect`\n"}}
[debug] [2026-01-22T19:54:34.684Z] E0123 01:24:34.684439   21872 watch.go:116] watchAllDir unable to walk dir `c:\cubefinalinnextjs\cube-tech\dataconnect`: CreateFile c:\cubefinalinnextjs\cube-tech\dataconnect: The system cannot find the file specified.
 {"metadata":{"emulator":{"name":"dataconnect"},"message":"E0123 01:24:34.684439   21872 watch.go:116] watchAllDir unable to walk dir `c:\\cubefinalinnextjs\\cube-tech\\dataconnect`: CreateFile c:\\cubefinalinnextjs\\cube-tech\\dataconnect: The system cannot find the file specified.\n"}}
[debug] [2026-01-22T19:54:34.685Z] E0123 01:24:34.684899   21872 watch.go:40] Failed to load config from "c:\\cubefinalinnextjs\\cube-tech\\dataconnect": could not find dataconnect.yaml in `c:\cubefinalinnextjs\cube-tech\dataconnect`
 {"metadata":{"emulator":{"name":"dataconnect"},"message":"E0123 01:24:34.684899   21872 watch.go:40] Failed to load config from \"c:\\\\cubefinalinnextjs\\\\cube-tech\\\\dataconnect\": could not find dataconnect.yaml in `c:\\cubefinalinnextjs\\cube-tech\\dataconnect`\n"}}
[debug] [2026-01-22T19:54:44.684Z] E0123 01:24:44.684594   21872 watch.go:40] Failed to load config from "c:\\cubefinalinnextjs\\cube-tech\\dataconnect": could not find dataconnect.yaml in `c:\cubefinalinnextjs\cube-tech\dataconnect`
 {"metadata":{"emulator":{"name":"dataconnect"},"message":"E0123 01:24:44.684594   21872 watch.go:40] Failed to load config from \"c:\\\\cubefinalinnextjs\\\\cube-tech\\\\dataconnect\": could not find dataconnect.yaml in `c:\\cubefinalinnextjs\\cube-tech\\dataconnect`\n"}}
[debug] [2026-01-22T19:54:54.685Z] E0123 01:24:54.684472   21872 watch.go:40] Failed to load config from "c:\\cubefinalinnextjs\\cube-tech\\dataconnect": could not find dataconnect.yaml in `c:\cubefinalinnextjs\cube-tech\dataconnect`
 {"metadata":{"emulator":{"name":"dataconnect"},"message":"E0123 01:24:54.684472   21872 watch.go:40] Failed to load config from \"c:\\\\cubefinalinnextjs\\\\cube-tech\\\\dataconnect\": could not find dataconnect.yaml in `c:\\cubefinalinnextjs\\cube-tech\\dataconnect`\n"}}
[debug] [2026-01-22T19:55:04.684Z] E0123 01:25:04.684107   21872 watch.go:40] Failed to load config from "c:\\cubefinalinnextjs\\cube-tech\\dataconnect": could not find dataconnect.yaml in `c:\cubefinalinnextjs\cube-tech\dataconnect`
 {"metadata":{"emulator":{"name":"dataconnect"},"message":"E0123 01:25:04.684107   21872 watch.go:40] Failed to load config from \"c:\\\\cubefinalinnextjs\\\\cube-tech\\\\dataconnect\": could not find dataconnect.yaml in `c:\\cubefinalinnextjs\\cube-tech\\dataconnect`\n"}}
[debug] [2026-01-22T19:55:14.684Z] E0123 01:25:14.684691   21872 watch.go:40] Failed to load config from "c:\\cubefinalinnextjs\\cube-tech\\dataconnect": could not find dataconnect.yaml in `c:\cubefinalinnextjs\cube-tech\dataconnect`
 {"metadata":{"emulator":{"name":"dataconnect"},"message":"E0123 01:25:14.684691   21872 watch.go:40] Failed to load config from \"c:\\\\cubefinalinnextjs\\\\cube-tech\\\\dataconnect\": could not find dataconnect.yaml in `c:\\cubefinalinnextjs\\cube-tech\\dataconnect`\n"}}
[debug] [2026-01-22T19:55:24.685Z] E0123 01:25:24.684419   21872 watch.go:40] Failed to load config from "c:\\cubefinalinnextjs\\cube-tech\\dataconnect": could not find dataconnect.yaml in `c:\cubefinalinnextjs\cube-tech\dataconnect`
 {"metadata":{"emulator":{"name":"dataconnect"},"message":"E0123 01:25:24.684419   21872 watch.go:40] Failed to load config from \"c:\\\\cubefinalinnextjs\\\\cube-tech\\\\dataconnect\": could not find dataconnect.yaml in `c:\\cubefinalinnextjs\\cube-tech\\dataconnect`\n"}}
[debug] [2026-01-22T19:55:34.683Z] E0123 01:25:34.684055   21872 watch.go:116] watchAllDir unable to walk dir `c:\cubefinalinnextjs\cube-tech\dataconnect`: CreateFile c:\cubefinalinnextjs\cube-tech\dataconnect: The system cannot find the file specified.
E0123 01:25:34.684055   21872 watch.go:40] Failed to load config from "c:\\cubefinalinnextjs\\cube-tech\\dataconnect": could not find dataconnect.yaml in `c:\cubefinalinnextjs\cube-tech\dataconnect`
 {"metadata":{"emulator":{"name":"dataconnect"},"message":"E0123 01:25:34.684055   21872 watch.go:116] watchAllDir unable to walk dir `c:\\cubefinalinnextjs\\cube-tech\\dataconnect`: CreateFile c:\\cubefinalinnextjs\\cube-tech\\dataconnect: The system cannot find the file specified.\nE0123 01:25:34.684055   21872 watch.go:40] Failed to load config from \"c:\\\\cubefinalinnextjs\\\\cube-tech\\\\dataconnect\": could not find dataconnect.yaml in `c:\\cubefinalinnextjs\\cube-tech\\dataconnect`\n"}}
[debug] [2026-01-22T19:55:44.685Z] E0123 01:25:44.686149   21872 watch.go:40] Failed to load config from "c:\\cubefinalinnextjs\\cube-tech\\dataconnect": could not find dataconnect.yaml in `c:\cubefinalinnextjs\cube-tech\dataconnect`
 {"metadata":{"emulator":{"name":"dataconnect"},"message":"E0123 01:25:44.686149   21872 watch.go:40] Failed to load config from \"c:\\\\cubefinalinnextjs\\\\cube-tech\\\\dataconnect\": could not find dataconnect.yaml in `c:\\cubefinalinnextjs\\cube-tech\\dataconnect`\n"}}
[debug] [2026-01-22T19:55:54.689Z] E0123 01:25:54.688443   21872 watch.go:40] Failed to load config from "c:\\cubefinalinnextjs\\cube-tech\\dataconnect": could not find dataconnect.yaml in `c:\cubefinalinnextjs\cube-tech\dataconnect`
 {"metadata":{"emulator":{"name":"dataconnect"},"message":"E0123 01:25:54.688443   21872 watch.go:40] Failed to load config from \"c:\\\\cubefinalinnextjs\\\\cube-tech\\\\dataconnect\": could not find dataconnect.yaml in `c:\\cubefinalinnextjs\\cube-tech\\dataconnect`\n"}}
[debug] [2026-01-22T19:56:04.685Z] E0123 01:26:04.685723   21872 watch.go:40] Failed to load config from "c:\\cubefinalinnextjs\\cube-tech\\dataconnect": could not find dataconnect.yaml in `c:\cubefinalinnextjs\cube-tech\dataconnect`
 {"metadata":{"emulator":{"name":"dataconnect"},"message":"E0123 01:26:04.685723   21872 watch.go:40] Failed to load config from \"c:\\\\cubefinalinnextjs\\\\cube-tech\\\\dataconnect\": could not find dataconnect.yaml in `c:\\cubefinalinnextjs\\cube-tech\\dataconnect`\n"}}
[debug] [2026-01-22T19:56:14.684Z] E0123 01:26:14.684287   21872 watch.go:40] Failed to load config from "c:\\cubefinalinnextjs\\cube-tech\\dataconnect": could not find dataconnect.yaml in `c:\cubefinalinnextjs\cube-tech\dataconnect`
 {"metadata":{"emulator":{"name":"dataconnect"},"message":"E0123 01:26:14.684287   21872 watch.go:40] Failed to load config from \"c:\\\\cubefinalinnextjs\\\\cube-tech\\\\dataconnect\": could not find dataconnect.yaml in `c:\\cubefinalinnextjs\\cube-tech\\dataconnect`\n"}}
[debug] [2026-01-22T19:56:24.688Z] E0123 01:26:24.687297   21872 watch.go:40] Failed to load config from "c:\\cubefinalinnextjs\\cube-tech\\dataconnect": could not find dataconnect.yaml in `c:\cubefinalinnextjs\cube-tech\dataconnect`
 {"metadata":{"emulator":{"name":"dataconnect"},"message":"E0123 01:26:24.687297   21872 watch.go:40] Failed to load config from \"c:\\\\cubefinalinnextjs\\\\cube-tech\\\\dataconnect\": could not find dataconnect.yaml in `c:\\cubefinalinnextjs\\cube-tech\\dataconnect`\n"}}
[debug] [2026-01-22T19:56:34.693Z] E0123 01:26:34.691534   21872 watch.go:116] watchAllDir unable to walk dir `c:\cubefinalinnextjs\cube-tech\dataconnect`: CreateFile c:\cubefinalinnextjs\cube-tech\dataconnect: The system cannot find the file specified.
E0123 01:26:34.692556   21872 watch.go:40] Failed to load config from "c:\\cubefinalinnextjs\\cube-tech\\dataconnect": could not find dataconnect.yaml in `c:\cubefinalinnextjs\cube-tech\dataconnect`
 {"metadata":{"emulator":{"name":"dataconnect"},"message":"E0123 01:26:34.691534   21872 watch.go:116] watchAllDir unable to walk dir `c:\\cubefinalinnextjs\\cube-tech\\dataconnect`: CreateFile c:\\cubefinalinnextjs\\cube-tech\\dataconnect: The system cannot find the file specified.\nE0123 01:26:34.692556   21872 watch.go:40] Failed to load config from \"c:\\\\cubefinalinnextjs\\\\cube-tech\\\\dataconnect\": could not find dataconnect.yaml in `c:\\cubefinalinnextjs\\cube-tech\\dataconnect`\n"}}
[debug] [2026-01-22T19:56:44.683Z] E0123 01:26:44.683668   21872 watch.go:40] Failed to load config from "c:\\cubefinalinnextjs\\cube-tech\\dataconnect": could not find dataconnect.yaml in `c:\cubefinalinnextjs\cube-tech\dataconnect`
 {"metadata":{"emulator":{"name":"dataconnect"},"message":"E0123 01:26:44.683668   21872 watch.go:40] Failed to load config from \"c:\\\\cubefinalinnextjs\\\\cube-tech\\\\dataconnect\": could not find dataconnect.yaml in `c:\\cubefinalinnextjs\\cube-tech\\dataconnect`\n"}}
[debug] [2026-01-22T19:56:54.684Z] E0123 01:26:54.684815   21872 watch.go:40] Failed to load config from "c:\\cubefinalinnextjs\\cube-tech\\dataconnect": could not find dataconnect.yaml in `c:\cubefinalinnextjs\cube-tech\dataconnect`
 {"metadata":{"emulator":{"name":"dataconnect"},"message":"E0123 01:26:54.684815   21872 watch.go:40] Failed to load config from \"c:\\\\cubefinalinnextjs\\\\cube-tech\\\\dataconnect\": could not find dataconnect.yaml in `c:\\cubefinalinnextjs\\cube-tech\\dataconnect`\n"}}
[debug] [2026-01-22T19:57:04.687Z] E0123 01:27:04.686633   21872 watch.go:40] Failed to load config from "c:\\cubefinalinnextjs\\cube-tech\\dataconnect": could not find dataconnect.yaml in `c:\cubefinalinnextjs\cube-tech\dataconnect`
 {"metadata":{"emulator":{"name":"dataconnect"},"message":"E0123 01:27:04.686633   21872 watch.go:40] Failed to load config from \"c:\\\\cubefinalinnextjs\\\\cube-tech\\\\dataconnect\": could not find dataconnect.yaml in `c:\\cubefinalinnextjs\\cube-tech\\dataconnect`\n"}}
[debug] [2026-01-22T19:57:14.684Z] E0123 01:27:14.684669   21872 watch.go:40] Failed to load config from "c:\\cubefinalinnextjs\\cube-tech\\dataconnect": could not find dataconnect.yaml in `c:\cubefinalinnextjs\cube-tech\dataconnect`
 {"metadata":{"emulator":{"name":"dataconnect"},"message":"E0123 01:27:14.684669   21872 watch.go:40] Failed to load config from \"c:\\\\cubefinalinnextjs\\\\cube-tech\\\\dataconnect\": could not find dataconnect.yaml in `c:\\cubefinalinnextjs\\cube-tech\\dataconnect`\n"}}
[debug] [2026-01-22T19:57:24.683Z] E0123 01:27:24.684296   21872 watch.go:40] Failed to load config from "c:\\cubefinalinnextjs\\cube-tech\\dataconnect": could not find dataconnect.yaml in `c:\cubefinalinnextjs\cube-tech\dataconnect`
 {"metadata":{"emulator":{"name":"dataconnect"},"message":"E0123 01:27:24.684296   21872 watch.go:40] Failed to load config from \"c:\\\\cubefinalinnextjs\\\\cube-tech\\\\dataconnect\": could not find dataconnect.yaml in `c:\\cubefinalinnextjs\\cube-tech\\dataconnect`\n"}}
[debug] [2026-01-22T19:57:34.684Z] E0123 01:27:34.684108   21872 watch.go:116] watchAllDir unable to walk dir `c:\cubefinalinnextjs\cube-tech\dataconnect`: CreateFile c:\cubefinalinnextjs\cube-tech\dataconnect: The system cannot find the file specified.
E0123 01:27:34.684658   21872 watch.go:40] Failed to load config from "c:\\cubefinalinnextjs\\cube-tech\\dataconnect": could not find dataconnect.yaml in `c:\cubefinalinnextjs\cube-tech\dataconnect`
 {"metadata":{"emulator":{"name":"dataconnect"},"message":"E0123 01:27:34.684108   21872 watch.go:116] watchAllDir unable to walk dir `c:\\cubefinalinnextjs\\cube-tech\\dataconnect`: CreateFile c:\\cubefinalinnextjs\\cube-tech\\dataconnect: The system cannot find the file specified.\nE0123 01:27:34.684658   21872 watch.go:40] Failed to load config from \"c:\\\\cubefinalinnextjs\\\\cube-tech\\\\dataconnect\": could not find dataconnect.yaml in `c:\\cubefinalinnextjs\\cube-tech\\dataconnect`\n"}}
[debug] [2026-01-22T19:57:44.684Z] E0123 01:27:44.684022   21872 watch.go:40] Failed to load config from "c:\\cubefinalinnextjs\\cube-tech\\dataconnect": could not find dataconnect.yaml in `c:\cubefinalinnextjs\cube-tech\dataconnect`
 {"metadata":{"emulator":{"name":"dataconnect"},"message":"E0123 01:27:44.684022   21872 watch.go:40] Failed to load config from \"c:\\\\cubefinalinnextjs\\\\cube-tech\\\\dataconnect\": could not find dataconnect.yaml in `c:\\cubefinalinnextjs\\cube-tech\\dataconnect`\n"}}
